Loading environment variables from env/.env...
DEBUG: MARIA2_HOST=xc-finance.covl02ovmomq.eu-central-1.rds.amazonaws.com
DEBUG: MARIA2_DB=xchange_finance
DEBUG: PG_DB=cdc_pipeline
DEBUG: Processed file first 3 lines:
LOAD DATABASE
    FROM mysql://finance-cdc:QEfoTHid9ZM2Q7cZcmrD@xc-finance.covl02ovmomq.eu-central-1.rds.amazonaws.com:3306/xchange_finance
    INTO postgresql://postgres:postgres@postgres:5432/cdc_pipeline
[2025-12-16 19:15:02] Loading finance database...
 Container postgres_local  Running
2025-12-16T18:15:03.034000Z NOTICE Starting pgloader, log system is ready.
2025-12-16T18:15:03.281999Z NOTICE Executing SQL block for before load
2025-12-16T18:15:03.686000Z ERROR mysql: There is no applicable method for the generic function
         #<STANDARD-GENERIC-FUNCTION PGLOADER.CATALOG:ADD-INDEX (1)>
       when called with arguments
         (NIL
          #S(PGLOADER.CATALOG:INDEX
             :NAME "company_id"
             :OID NIL
             :SCHEMA #1=#S(PGLOADER.CATALOG:SCHEMA
                           :SOURCE-NAME #2="xchange_finance"
                           :NAME "xchange_finance"
                           :CATALOG #S(PGLOADER.CATALOG:CATALOG
                                       :NAME #2#
                                       :SCHEMA-LIST (#1#)
                                       :TYPES-WITHOUT-BTREE NIL
                                       :DISTRIBUTION-RULES NIL)
                           :IN-SEARCH-PATH T
                           :TABLE-LIST (#S(PGLOADER.CATALOG:TABLE
                                           :SOURCE-NAME #3="T_ACCOUNT_REPRESENTATIVE"
                                           :NAME "t_account_representative"
                                           :SCHEMA #1#
                                           :OID NIL
                                           :COMMENT NIL
                                           :STORAGE-PARAMETER-LIST NIL
                                           :TABLESPACE NIL
                                           :ROW-COUNT-ESTIMATE 1293
                                           :FIELD-LIST (#S(PGLOADER.SOURCE.MYSQL::MYSQL-COLUMN
                                                           :TABLE-NAME #3#
                                                           :NAME "id"
                                                           :DTYPE "bigint"
                                                           :CTYPE "bigint(9)"
                                                           :DEFAULT NIL
                                                           :NULLABLE "NO"
                                                           :EXTRA :AUTO-INCREMENT
                                                           :COMMENT NIL)
                                                        #S(PGLOADER.SOURCE.MYSQL::MYSQL-COLUMN
                                                           :TABLE-NAME "T_ACCOUNT_REPRESENTATIVE"
                                                           :NAME "account_id"
                                                           :DTYPE "bigint"
                                                           :CTYPE "bigint(20)"
                                                           :DEFAULT NIL
                                                           :NULLABLE "NO"
                                                           :EXTRA NIL
                                                           :COMMENT NIL)
                                                        #S(PGLOADER.SOURCE.MYSQL::MYSQL-COLUMN
                                                           :TABLE-NAME "T_ACCOUNT_REPRESENTATIVE"
                                                           :NAME "representative_name"
                                                           :DTYPE "varchar"
                                                           :CTYPE "varchar(30)"
                                                           :DEFAULT NIL
                                                           :NULLABLE "NO"
                                                           :EXTRA NIL
                                                           :COMMENT NIL)
                                                        #S(PGLOADER.SOURCE.MYSQL::MYSQL-COLUMN
                                                           :TABLE-NAME "T_ACCOUNT_REPRESENTATIVE"
                                                           :NAME "created_at"
                                                           :DTYPE "timestamp"
                                                           :CTYPE "timestamp"
                                                           :DEFAULT "current_timestamp()"
                                                           :NULLABLE "NO"
                                                           :EXTRA NIL
                                                           :COMMENT NIL)
                                                        #S(PGLOADER.SOURCE.MYSQL::MYSQL-COLUMN
                                                           :TABLE-NAME "T_ACCOUNT_REPRESENTATIVE"
                                                           :NAME "updated_at"
                                                           :DTYPE "timestamp"
                                                           :CTYPE "timestamp"
                                                           :DEFAULT "current_timestamp()"
                                                           :NULLABLE "NO"
                                                           :EXTRA NIL
                                                           :COMMENT NIL))
                                           :COLUMN-LIST NIL
                                           :INDEX-LIST NIL
                                           :FKEY-LIST NIL
                                           :TRIGGER-LIST NIL
                                           :CITUS-RULE NIL)
                                        #S(PGLOADER.CATALOG:TABLE
                                           :SOURCE-NAME #4="T_AUTOCLOSE_INVOICE_EXCLUDED_COMPANIES"
                                           :NAME "t_autoclose_invoice_excluded_companies"
                                           :SCHEMA #1#
                                           :OID NIL
                                           :COMMENT NIL
                                           :STORAGE-PARAMETER-LIST NIL
                                           :TABLESPACE NIL
                                           :ROW-COUNT-ESTIMATE 0
                                           :FIELD-LIST (#S(PGLOADER.SOURCE.MYSQL::MYSQL-COLUMN
                                                           :TABLE-NAME #4#
                                                           :NAME "company_id"
                                                           :DTYPE "bigint"
                                                           :CTYPE "bigint(20)"
                                                           :DEFAULT NIL
                                                           :NULLABLE "NO"
                                                           :EXTRA NIL
                                                           :COMMENT NIL))
                                           :COLUMN-LIST NIL
                                           :INDEX-LIST NIL
                                           :FKEY-LIST NIL
                                           :TRIGGER-LIST NIL
                                           :CITUS-RULE NIL)
                                        #S(PGLOADER.CATALOG:TABLE
                                           :SOURCE-NAME #5="T_COUNTRY_REPRESENTATIVE"
                                           :NAME "t_country_representative"
                                           :SCHEMA #1#
                                           :OID NIL
                                           :COMMENT NIL
                                           :STORAGE-PARAMETER-LIST NIL
                                           :TABLESPACE NIL
                                           :ROW-COUNT-ESTIMATE 150
                                           :FIELD-LIST (#S(PGLOADER.SOURCE.MYSQL::MYSQL-COLUMN
                                                           :TABLE-NAME #5#
                                                           :NAME "id"
                                                           :DTYPE "tinyint"
                                                           :CTYPE "tinyint(3) unsigned"
                                                           :DEFAULT NIL
                                                           :NULLABLE "NO"
                                                           :EXTRA :AUTO-INCREMENT
                                                           :COMMENT NIL)
                                                        #S(PGLOADER.SOURCE.MYSQL::MYSQL-COLUMN
                                                           :TABLE-NAME "T_COUNTRY_REPRESENTATIVE"
                                                           :NAME "country_code"
                                                           :DTYPE "varchar"
                                                           :CTYPE "varchar(2)"
                                                           :DEFAULT NIL
                                                           :NULLABLE "NO"
                                                           :EXTRA NIL
                                                           :COMMENT NIL)
                                                        #S(PGLOADER.SOURCE.MYSQL::MYSQL-COLUMN
                                                           :TABLE-NAME "T_COUNTRY_REPRESENTATIVE"
                                                           :NAME "representative_name"
                                                           :DTYPE "varchar"
                                                           :CTYPE "varchar(30)"
                                                           :DEFAULT NIL
                                                           :NULLABLE "NO"
                                                           :EXTRA NIL
                                                           :COMMENT NIL)
                                                        #S(PGLOADER.SOURCE.MYSQL::MYSQL-COLUMN
                                                           :TABLE-NAME "T_COUNTRY_REPRESENTATIVE"
                                                           :NAME "created_at"
                                                           :DTYPE "timestamp"
                                                           :CTYPE "timestamp"
                                                           :DEFAULT "current_timestamp()"
                                                           :NULLABLE "NO"
                                                           :EXTRA NIL
                                                           :COMMENT NIL)
                                                        #S(PGLOADER.SOURCE.MYSQL::MYSQL-COLUMN
                                                           :TABLE-NAME "T_COUNTRY_REPRESENTATIVE"
                                                           :NAME "updated_at"
                                                           :DTYPE "timestamp"
                                                           :CTYPE "timestamp"
                                                           :DEFAULT "current_timestamp()"
                                                           :NULLABLE "NO"
                                                           :EXTRA NIL
                                                           :COMMENT NIL))
                                           :COLUMN-LIST NIL
                                           :INDEX-LIST NIL
                                           :FKEY-LIST NIL
                                           :TRIGGER-LIST NIL
                                           :CITUS-RULE NIL)
                                        #S(PGLOADER.CATALOG:TABLE
                                           :SOURCE-NAME #6="T_EVENT_OUTBOX"
                                           :NAME "t_event_outbox"
                                           :SCHEMA #1#
                                           :OID NIL
                                           :COMMENT NIL
                                           :STORAGE-PARAMETER-LIST NIL
                                           :TABLESPACE NIL
                                           :ROW-COUNT-ESTIMATE 0
                                           :FIELD-LIST (#S(PGLOADER.SOURCE.MYSQL::MYSQL-COLUMN
                                                           :TABLE-NAME #6#
                                                           :NAME "id"
                                                           :DTYPE "bigint"
                                                           :CTYPE "bigint(20)"
                                                           :DEFAULT NIL
                                                           :NULLABLE "NO"
                                                           :EXTRA :AUTO-INCREMENT
                                                           :COMMENT NIL)
                                                        #S(PGLOADER.SOURCE.MYSQL::MYSQL-COLUMN
                                                           :TABLE-NAME "T_EVENT_OUTBOX"
                                                           :NAME "event_id"
                                                           :DTYPE "binary"
                                                           :CTYPE "binary(16)"
                                                           :DEFAULT NIL
                                                           :NULLABLE "NO"
                                                           :EXTRA NIL
                                                           :COMMENT NIL)
                                                        #S(PGLOADER.SOURCE.MYSQL::MYSQL-COLUMN
                                                           :TABLE-NAME "T_EVENT_OUTBOX"
                                                           :NAME "entity_id"
                                                           :DTYPE "text"
                                                           :CTYPE "text"
                                                           :DEFAULT NIL
                                                           :NULLABLE "NO"
                                                           :EXTRA NIL
                                                           :COMMENT NIL)
                                                        #S(PGLOADER.SOURCE.MYSQL::MYSQL-COLUMN
                                                           :TABLE-NAME "T_EVENT_OUTBOX"
                                                           :NAME "topic"
                                                           :DTYPE "varchar"
                                                           :CTYPE "varchar(255)"
                                                           :DEFAULT NIL
                                                           :NULLABLE "NO"
                                                           :EXTRA NIL
                                                           :COMMENT NIL)
                                                        #S(PGLOADER.SOURCE.MYSQL::MYSQL-COLUMN
                                                           :TABLE-NAME "T_EVENT_OUTBOX"
                                                           :NAME "payload"
                                                           :DTYPE "mediumblob"
                                                           :CTYPE "mediumblob"
                                                           :DEFAULT NIL
                                                           :NULLABLE "NO"
                                                           :EXTRA NIL
                                                           :COMMENT NIL)
                                                        #S(PGLOADER.SOURCE.MYSQL::MYSQL-COLUMN
                                                           :TABLE-NAME "T_EVENT_OUTBOX"
                                                           :NAME "created_date"
                                                           :DTYPE "timestamp"
                                                           :CTYPE "timestamp"
                                                           :DEFAULT "current_timestamp()"
                                                           :NULLABLE "NO"
                                                           :EXTRA NIL
                                                           :COMMENT NIL)
                                                        #S(PGLOADER.SOURCE.MYSQL::MYSQL-COLUMN
                                                           :TABLE-NAME "T_EVENT_OUTBOX"
                                                           :NAME "last_modified_date"
                                                           :DTYPE "timestamp"
                                                           :CTYPE "timestamp"
                                                           :DEFAULT "current_timestamp()"
                                                           :NULLABLE "NO"
                                                           :EXTRA NIL
                                                           :COMMENT NIL)
                                                        #S(PGLOADER.SOURCE.MYSQL::MYSQL-COLUMN
                                                           :TABLE-NAME "T_EVENT_OUTBOX"
                                                           :NAME "headers"
                                                           :DTYPE "longtext"
                                                           :CTYPE "longtext"
                                                           :DEFAULT "NULL"
                                                           :NULLABLE "YES"
                                                           :EXTRA NIL
                                                           :COMMENT NIL))
                                           :COLUMN-LIST NIL
                                           :INDEX-LIST NIL
                                           :FKEY-LIST NIL
                                           :TRIGGER-LIST NIL
                                           :CITUS-RULE NIL)
                                        #S(PGLOADER.CATALOG:TABLE
                                           :SOURCE-NAME #7="T_FINANCIAL_CONTACT"
                                           :NAME "t_financial_contact"
                                           :SCHEMA #1#
                                           :OID NIL
                                           :COMMENT NIL
                                           :STORAGE-PARAMETER-LIST NIL
                                           :TABLESPACE NIL
                                           :ROW-COUNT-ESTIMATE 10059
                                           :FIELD-LIST (#S(PGLOADER.SOURCE.MYSQL::MYSQL-COLUMN
                                                           :TABLE-NAME #7#
                                                           :NAME "id"
                                                           :DTYPE "bigint"
                                                           :CTYPE "bigint(20)"
                                                           :DEFAULT NIL
                                                           :NULLABLE "NO"
                                                           :EXTRA :AUTO-INCREMENT
                                                           :COMMENT NIL)
                                                        #S(PGLOADER.SOURCE.MYSQL::MYSQL-COLUMN
                                                           :TABLE-NAME "T_FINANCIAL_CONTACT"
                                                           :NAME "company_id"
                                                           :DTYPE "bigint"
                                                           :CTYPE "bigint(20)"
                                                           :DEFAULT NIL
                                                           :NULLABLE "NO"
                                                           :EXTRA NIL
                                                           :COMMENT NIL)
                                                        #S(PGLOADER.SOURCE.MYSQL::MYSQL-COLUMN
                                                           :TABLE-NAME "T_FINANCIAL_CONTACT"
                                                           :NAME "company_person_name"
                                                           :DTYPE "varchar"
                                                           :CTYPE "varchar(255)"
                                                           :DEFAULT NIL
                                                           :NULLABLE "NO"
                                                           :EXTRA NIL
                                                           :COMMENT NIL)
                                                        #S(PGLOADER.SOURCE.MYSQL::MYSQL-COLUMN
                                                           :TABLE-NAME "T_FINANCIAL_CONTACT"
                                                           :NAME "company_person_email"
                                                           :DTYPE "varchar"
                                                           :CTYPE "varchar(255)"
                                                           :DEFAULT NIL
                                                           :NULLABLE "NO"
                                                           :EXTRA NIL
                                                           :COMMENT NIL)
                                                        #S(PGLOADER.SOURCE.MYSQL::MYSQL-COLUMN
                                                           :TABLE-NAME "T_FINANCIAL_CONTACT"
                                                           :NAME "company_person_phone_number"
                                                           :DTYPE "varchar"
                                                           :CTYPE "varchar(255)"
                                                           :DEFAULT "NULL"
                                                           :NULLABLE "YES"
                                                           :EXTRA NIL
                                                           :COMMENT NIL)
                                                        #S(PGLOADER.SOURCE.MYSQL::MYSQL-COLUMN
                                                           :TABLE-NAME "T_FINANCIAL_CONTACT"
                                                           :NAME "company_person_position"
                                                           :DTYPE "varchar"
                                                           :CTYPE "varchar(255)"
                                                           :DEFAULT "NULL"
                                                           :NULLABLE "YES"
                                                           :EXTRA NIL
                                                           :COMMENT NIL)
                                                        #S(PGLOADER.SOURCE.MYSQL::MYSQL-COLUMN
                                                           :TABLE-NAME "T_FINANCIAL_CONTACT"
                                                           :NAME "created_date"
                                                           :DTYPE "timestamp"
                                                           :CTYPE "timestamp"
                                                           :DEFAULT "current_timestamp()"
                                                           :NULLABLE "NO"
                                                           :EXTRA NIL
                                                           :COMMENT NIL)
                                                        #S(PGLOADER.SOURCE.MYSQL::MYSQL-COLUMN
                                                           :TABLE-NAME "T_FINANCIAL_CONTACT"
                                                           :NAME "last_modified_date"
                                                           :DTYPE "timestamp"
                                                           :CTYPE "timestamp"
                                                           :DEFAULT "0000-00-00 00:00:00"
                                                           :NULLABLE "NO"
                                                           :EXTRA NIL
                                                           :COMMENT NIL)
                                                        #S(PGLOADER.SOURCE.MYSQL::MYSQL-COLUMN
                                                           :TABLE-NAME "T_FINANCIAL_CONTACT"
                                                           :NAME "is_migrated"
                                                           :DTYPE "tinyint"
                                                           :CTYPE "tinyint(1)"
                                                           :DEFAULT "0"
                                                           :NULLABLE "NO"
                                                           :EXTRA NIL
                                                           :COMMENT NIL))
                                           :COLUMN-LIST NIL
                                           :INDEX-LIST NIL
                                           :FKEY-LIST NIL
                                           :TRIGGER-LIST NIL
                                           :CITUS-RULE NIL)
                                        #S(PGLOADER.CATALOG:TABLE
                                           :SOURCE-NAME #8="T_INVOICE_PAYMENT_CROSS_REF"
                                           :NAME "t_invoice_payment_cross_ref"
                                           :SCHEMA #1#
                                           :OID NIL
                                           :COMMENT NIL
                                           :STORAGE-PARAMETER-LIST NIL
                                           :TABLESPACE NIL
                                           :ROW-COUNT-ESTIMATE 77026
                                           :FIELD-LIST (#S(PGLOADER.SOURCE.MYSQL::MYSQL-COLUMN
                                                           :TABLE-NAME #8#
                                                           :NAME "id"
                                                           :DTYPE "binary"
                                                           :CTYPE "binary(16)"
                                                           :DEFAULT NIL
                                                           :NULLABLE "NO"
                                                           :EXTRA NIL
                                                           :COMMENT NIL)
                                                        #S(PGLOADER.SOURCE.MYSQL::MYSQL-COLUMN
                                                           :TABLE-NAME "T_INVOICE_PAYMENT_CROSS_REF"
                                                           :NAME "invoice_id"
                                                           :DTYPE "bigint"
                                                           :CTYPE "bigint(20)"
                                                           :DEFAULT NIL
                                                           :NULLABLE "NO"
                                                           :EXTRA NIL
                                                           :COMMENT NIL)
                                                        #S(PGLOADER.SOURCE.MYSQL::MYSQL-COLUMN
                                                           :TABLE-NAME "T_INVOICE_PAYMENT_CROSS_REF"
                                                           :NAME "payment_id"
                                                           :DTYPE "bigint"
                                                           :CTYPE "bigint(20)"
                                                           :DEFAULT NIL
                                                           :NULLABLE "NO"
                                                           :EXTRA NIL
                                                           :COMMENT NIL)
                                                        #S(PGLOADER.SOURCE.MYSQL::MYSQL-COLUMN
                                                           :TABLE-NAME "T_INVOICE_PAYMENT_CROSS_REF"
                                                           :NAME "payment_method"
                                                           :DTYPE "varchar"
                                                           :CTYPE "varchar(50)"
                                                           :DEFAULT "NULL"
                                                           :NULLABLE "YES"
                                                           :EXTRA NIL
                                                           :COMMENT NIL)
                                                        #S(PGLOADER.SOURCE.MYSQL::MYSQL-COLUMN
                                                           :TABLE-NAME "T_INVOICE_PAYMENT_CROSS_REF"
                                                           :NAME "status"
                                                           :DTYPE "varchar"
                                                           :CTYPE "varchar(50)"
                                                           :DEFAULT NIL
                                                           :NULLABLE "NO"
                                                           :EXTRA NIL
                                                           :COMMENT NIL)
                                                        #S(PGLOADER.SOURCE.MYSQL::MYSQL-COLUMN
                                                           :TABLE-NAME "T_INVOICE_PAYMENT_CROSS_REF"
                                                           :NAME "created_at"
                                                           :DTYPE "timestamp"
                                                           :CTYPE "timestamp"
                                                           :DEFAULT "current_timestamp()"
                                                           :NULLABLE "NO"
                                                           :EXTRA NIL
                                                           :COMMENT NIL)
                                                        #S(PGLOADER.SOURCE.MYSQL::MYSQL-COLUMN
                                                           :TABLE-NAME "T_INVOICE_PAYMENT_CROSS_REF"
                                                           :NAME "updated_at"
                                                           :DTYPE "timestamp"
                                                           :CTYPE "timestamp"
                                                           :DEFAULT "current_timestamp()"
                                                           :NULLABLE "NO"
                                                           :EXTRA NIL
                                                           :COMMENT NIL)
                                                        #S(PGLOADER.SOURCE.MYSQL::MYSQL-COLUMN
                                                           :TABLE-NAME "T_INVOICE_PAYMENT_CROSS_REF"
                                                           :NAME "created_by"
                                                           :DTYPE "varchar"
                                                           :CTYPE "varchar(256)"
                                                           :DEFAULT NIL
                                                           :NULLABLE "NO"
                                                           :EXTRA NIL
                                                           :COMMENT NIL)
                                                        #S(PGLOADER.SOURCE.MYSQL::MYSQL-COLUMN
                                                           :TABLE-NAME "T_INVOICE_PAYMENT_CROSS_REF"
                                                           :NAME "updated_by"
                                                           :DTYPE "varchar"
                                                           :CTYPE "varchar(256)"
                                                           :DEFAULT NIL
                                                           :NULLABLE "NO"
                                                           :EXTRA NIL
                                                           :COMMENT NIL)
                                                        #S(PGLOADER.SOURCE.MYSQL::MYSQL-COLUMN
                                                           :TABLE-NAME "T_INVOICE_PAYMENT_CROSS_REF"
                                                           :NAME "amount"
                                                           :DTYPE "decimal"
                                                           :CTYPE "decimal(13,2)"
                                                           :DEFAULT NIL
                                                           :NULLABLE "NO"
                                                           :EXTRA NIL
                                                           :COMMENT NIL))
                                           :COLUMN-LIST NIL
                                           :INDEX-LIST NIL
                                           :FKEY-LIST NIL
                                           :TRIGGER-LIST NIL
                                           :CITUS-RULE NIL)
                                        #S(PGLOADER.CATALOG:TABLE
                                           :SOURCE-NAME #9="T_INVOICE_PAYMENT_XREF"
                                           :NAME "t_invoice_payment_xref"
                                           :SCHEMA #1#
                                           :OID NIL
                                           :COMMENT NIL
                                           :STORAGE-PARAMETER-LIST NIL
                                           :TABLESPACE NIL
                                           :ROW-COUNT-ESTIMATE 68037
                                           :FIELD-LIST (#S(PGLOADER.SOURCE.MYSQL::MYSQL-COLUMN
                                                           :TABLE-NAME #9#
                                                           :NAME "id"
                                                           :DTYPE "binary"
                                                           :CTYPE "binary(16)"
                                                           :DEFAULT NIL
                                                           :NULLABLE "NO"
                                                           :EXTRA NIL
                                                           :COMMENT NIL)
                                                        #S(PGLOADER.SOURCE.MYSQL::MYSQL-COLUMN
                                                           :TABLE-NAME "T_INVOICE_PAYMENT_XREF"
                                                           :NAME "invoice_id"
                                                           :DTYPE "bigint"
                                                           :CTYPE "bigint(20)"
                                                           :DEFAULT NIL
                                                           :NULLABLE "NO"
                                                           :EXTRA NIL
                                                           :COMMENT NIL)
                                                        #S(PGLOADER.SOURCE.MYSQL::MYSQL-COLUMN
                                                           :TABLE-NAME "T_INVOICE_PAYMENT_XREF"
                                                           :NAME "payment_id"
                                                           :DTYPE "bigint"
                                                           :CTYPE "bigint(20)"
                                                           :DEFAULT NIL
                                                           :NULLABLE "NO"
                                                           :EXTRA NIL
                                                           :COMMENT NIL)
                                                        #S(PGLOADER.SOURCE.MYSQL::MYSQL-COLUMN
                                                           :TABLE-NAME "T_INVOICE_PAYMENT_XREF"
                                                           :NAME "payment_method"
                                                           :DTYPE "varchar"
                                                           :CTYPE "varchar(50)"
                                                           :DEFAULT NIL
                                                           :NULLABLE "NO"
                                                           :EXTRA NIL
                                                           :COMMENT NIL)
                                                        #S(PGLOADER.SOURCE.MYSQL::MYSQL-COLUMN
                                                           :TABLE-NAME "T_INVOICE_PAYMENT_XREF"
                                                           :NAME "status"
                                                           :DTYPE "varchar"
                                                           :CTYPE "varchar(50)"
                                                           :DEFAULT NIL
                                                           :NULLABLE "NO"
                                                           :EXTRA NIL
                                                           :COMMENT NIL)
                                                        #S(PGLOADER.SOURCE.MYSQL::MYSQL-COLUMN
                                                           :TABLE-NAME "T_INVOICE_PAYMENT_XREF"
                                                           :NAME "created_at"
                                                           :DTYPE "timestamp"
                                                           :CTYPE "timestamp"
                                                           :DEFAULT "current_timestamp()"
                                                           :NULLABLE "NO"
                                                           :EXTRA NIL
                                                           :COMMENT NIL)
                                                        #S(PGLOADER.SOURCE.MYSQL::MYSQL-COLUMN
                                                           :TABLE-NAME "T_INVOICE_PAYMENT_XREF"
                                                           :NAME "updated_at"
                                                           :DTYPE "timestamp"
                                                           :CTYPE "timestamp"
                                                           :DEFAULT "current_timestamp()"
                                                           :NULLABLE "NO"
                                                           :EXTRA NIL
                                                           :COMMENT NIL)
                                                        #S(PGLOADER.SOURCE.MYSQL::MYSQL-COLUMN
                                                           :TABLE-NAME "T_INVOICE_PAYMENT_XREF"
                                                           :NAME "created_by"
                                                           :DTYPE "varchar"
                                                           :CTYPE "varchar(256)"
                                                           :DEFAULT NIL
                                                           :NULLABLE "NO"
                                                           :EXTRA NIL
                                                           :COMMENT NIL)
                                                        #S(PGLOADER.SOURCE.MYSQL::MYSQL-COLUMN
                                                           :TABLE-NAME "T_INVOICE_PAYMENT_XREF"
                                                           :NAME "updated_by"
                                                           :DTYPE "varchar"
                                                           :CTYPE "varchar(256)"
                                                           :DEFAULT NIL
                                                           :NULLABLE "NO"
                                                           :EXTRA NIL
                                                           :COMMENT NIL)
                                                        #S(PGLOADER.SOURCE.MYSQL::MYSQL-COLUMN
                                                           :TABLE-NAME "T_INVOICE_PAYMENT_XREF"
                                                           :NAME "amount"
                                                           :DTYPE "decimal"
                                                           :CTYPE "decimal(13,2)"
                                                           :DEFAULT NIL
                                                           :NULLABLE "NO"
                                                           :EXTRA NIL
                                                           :COMMENT NIL))
                                           :COLUMN-LIST NIL
                                           :INDEX-LIST NIL
                                           :FKEY-LIST NIL
                                           :TRIGGER-LIST NIL
                                           :CITUS-RULE NIL)
                                        #S(PGLOADER.CATALOG:TABLE
                                           :SOURCE-NAME #10="T_RESOLVE_CUSTOMER"
                                           :NAME "t_resolve_customer"
                                           :SCHEMA #1#
                                           :OID NIL
                                           :COMMENT NIL
                                           :STORAGE-PARAMETER-LIST NIL
                                           :TABLESPACE NIL
                                           :ROW-COUNT-ESTIMATE 135
                                           :FIELD-LIST (#S(PGLOADER.SOURCE.MYSQL::MYSQL-COLUMN
                                                           :TABLE-NAME #10#
                                                           :NAME "id"
                                                           :DTYPE "bigint"
                                                           :CTYPE "bigint(20)"
                                                           :DEFAULT NIL
                                                           :NULLABLE "NO"
                                                           :EXTRA :AUTO-INCREMENT
                                                           :COMMENT NIL)
                                                        #S(PGLOADER.SOURCE.MYSQL::MYSQL-COLUMN
                                                           :TABLE-NAME "T_RESOLVE_CUSTOMER"
                                                           :NAME "company_id"
                                                           :DTYPE "bigint"
                                                           :CTYPE "bigint(20)"
                                                           :DEFAULT NIL
                                                           :NULLABLE "NO"
                                                           :EXTRA NIL
                                                           :COMMENT NIL)
                                                        #S(PGLOADER.SOURCE.MYSQL::MYSQL-COLUMN
                                                           :TABLE-NAME "T_RESOLVE_CUSTOMER"
                                                           :NAME "resolve_id"
                                                           :DTYPE "varchar"
                                                           :CTYPE "varchar(255)"
                                                           :DEFAULT NIL
                                                           :NULLABLE "NO"
                                                           :EXTRA NIL
                                                           :COMMENT NIL)
                                                        #S(PGLOADER.SOURCE.MYSQL::MYSQL-COLUMN
                                                           :TABLE-NAME "T_RESOLVE_CUSTOMER"
                                                           :NAME "created_date"
                                                           :DTYPE "timestamp"
                                                           :CTYPE "timestamp"
                                                           :DEFAULT "current_timestamp()"
                                                           :NULLABLE "NO"
                                                           :EXTRA NIL
                                                           :COMMENT NIL)
                                                        #S(PGLOADER.SOURCE.MYSQL::MYSQL-COLUMN
                                                           :TABLE-NAME "T_RESOLVE_CUSTOMER"
                                                           :NAME "last_modified_date"
                                                           :DTYPE "timestamp"
                                                           :CTYPE "timestamp"
                                                           :DEFAULT "0000-00-00 00:00:00"
                                                           :NULLABLE "NO"
                                                           :EXTRA NIL
                                                           :COMMENT NIL))
                                           :COLUMN-LIST NIL
                                           :INDEX-LIST NIL
                                           :FKEY-LIST NIL
                                           :TRIGGER-LIST NIL
                                           :CITUS-RULE NIL))
                           :VIEW-LIST NIL
                           :MATVIEW-LIST NIL
                           :EXTENSION-LIST NIL
                           :SQLTYPE-LIST NIL)
             :TABLE NIL
             :TYPE "BTREE"
             :PRIMARY NIL
             :UNIQUE T
             :COLUMNS ("company_id")
             :SQL NIL
             :CONNAME NIL
             :CONDEF NIL
             :FILTER NIL
             :FK-DEPS NIL)).
See also:
  The ANSI Standard, Section 7.6.6
2025-12-16T18:15:03.687000Z NOTICE Executing SQL block for after load
       table name     errors       read   imported      bytes      total time       read      write
-----------------  ---------  ---------  ---------  ---------  --------------  ---------  ---------
      before load          0          2          2                     0.036s    
  fetch meta data          0          0          0                     0.000s    
-----------------  ---------  ---------  ---------  ---------  --------------  ---------  ---------
-----------------  ---------  ---------  ---------  ---------  --------------  ---------  ---------
       after load          0          1          1                     0.025s    
-----------------  ---------  ---------  ---------  ---------  --------------  ---------  ---------
Total import time          ✓          0          0                     0.025s    
[2025-12-16 19:15:04] Finance load completed successfully
